a b c d e f g h i g k l m n o p q r s t u v w x y z
2019-06-29 07:10:59 logger.py INFO  in down_data_0100
2019-06-29 07:11:00 logger.py INFO  in down_data
2019-06-29 07:11:08 logger.py INFO  in down_inx_all
2019-06-29 07:21:27 logger.py INFO  in down_stk_hfq_all
2019-06-29 07:33:03 logger.py INFO  in is_trade_time
2019-06-29 07:34:11 logger.py INFO  in is_trade_time
2019-06-29 07:34:39 logger.py INFO  in is_price_time
2019-06-29 07:36:14 logger.py INFO  in down_stk_bfq_all
2019-06-29 07:36:20 logger.py INFO  in down_daily_run
2019-06-29 07:36:22 logger.py INFO  in down_fut_all
2019-06-29 07:36:33 logger.py INFO  in down_data_0100
2019-06-29 07:36:34 logger.py INFO  in down_data
2019-06-29 07:36:42 logger.py INFO  in down_inx_all
2019-06-29 09:52:45 logger.py INFO  in TradeEngine.__init__
2019-06-29 09:56:53 logger.py INFO  in TradeEngine.__init__
2019-06-29 09:57:24 logger.py INFO  in Book.__init__
2019-06-29 09:57:25 logger.py INFO  in Book._loadCash
2019-06-29 09:58:43 logger.py INFO  in Book.__init__
2019-06-29 09:58:44 logger.py INFO  in Book._loadCash
2019-06-29 10:03:03 logger.py INFO  in TradeEngine.__init__
2019-06-29 10:04:04 logger.py INFO  in place_order
2019-06-29 10:04:10 logger.py INFO  place_order: failed {'ins': 'avoid_idle', 'agent': 'pingan'}
2019-06-29 10:09:56 logger.py INFO  in TradeEngine.__init__
2019-06-29 10:10:27 logger.py INFO  in Book.__init__
2019-06-29 10:10:28 logger.py INFO  in Book._loadCash
2019-06-29 10:10:29 logger.py INFO  in Book._loadHold
2019-06-29 10:10:30 logger.py INFO  in Tactic.__init__
2019-06-29 10:10:31 logger.py INFO  in Tactic._load_hold
2019-06-29 10:10:32 logger.py INFO  in Tactic.__init__
2019-06-29 10:10:33 logger.py INFO  in Tactic._load_hold
2019-06-29 10:10:34 logger.py INFO  in Book.get_codes
2019-06-29 10:10:35 logger.py INFO  in Tactic.get_codes
2019-06-29 10:10:36 logger.py INFO  in Tactic.get_codes
2019-06-29 10:10:56 logger.py INFO  in place_order
2019-06-29 10:10:57 logger.py INFO  in send_email
2019-06-29 10:11:02 logger.py INFO  place_order: failed {'ins': 'avoid_idle', 'agent': 'pingan'}
2019-06-29 10:11:58 logger.py INFO  in send_email
2019-06-29 10:19:59 logger.py INFO  in TradeEngine.__init__
2019-06-29 10:20:30 logger.py INFO  in Book.__init__
2019-06-29 10:20:31 logger.py INFO  in Book._loadCash
2019-06-29 10:20:32 logger.py INFO  in Book._loadHold
2019-06-29 10:20:33 logger.py INFO  in Tactic.__init__
2019-06-29 10:20:34 logger.py INFO  in Tactic._load_hold
2019-06-29 10:20:35 logger.py INFO  in Tactic.__init__
2019-06-29 10:20:36 logger.py INFO  in Tactic._load_hold
2019-06-29 10:20:37 logger.py INFO  in Book.get_codes
2019-06-29 10:20:38 logger.py INFO  in Tactic.get_codes
2019-06-29 10:20:39 logger.py INFO  in Tactic.get_codes
2019-06-29 10:20:47 logger.py INFO  in send_email
2019-06-29 10:20:59 logger.py INFO  in place_order
2019-06-29 10:21:05 logger.py INFO  place_order: failed {'ins': 'avoid_idle', 'agent': 'pingan'}
2019-06-29 10:21:53 logger.py INFO  in send_email
2019-06-29 10:22:57 logger.py INFO  in send_email
2019-06-29 10:23:57 logger.py INFO  in send_email
2019-06-29 10:25:01 logger.py INFO  in send_email
2019-06-29 10:26:02 logger.py INFO  in send_email
2019-06-29 10:27:24 logger.py INFO  in send_email
2019-06-29 10:28:25 logger.py INFO  in send_email
2019-06-29 10:29:25 logger.py INFO  in send_email
2019-06-29 10:30:30 logger.py INFO  in send_email
2019-06-29 10:31:30 logger.py INFO  in send_email
2019-06-29 10:32:31 logger.py INFO  in send_email
2019-06-29 10:33:32 logger.py INFO  in send_email
2019-06-29 10:34:32 logger.py INFO  in send_email
2019-06-29 10:35:33 logger.py INFO  in send_email
2019-06-29 10:41:52 logger.py INFO  in TradeEngine.__init__
2019-06-29 10:42:24 logger.py INFO  in Book.__init__
2019-06-29 10:42:25 logger.py INFO  in Book._loadCash
2019-06-29 10:42:26 logger.py INFO  in Book._loadHold
2019-06-29 10:42:27 logger.py INFO  in Tactic.__init__
2019-06-29 10:42:28 logger.py INFO  in Tactic._load_hold
2019-06-29 10:42:29 logger.py INFO  in Tactic.__init__
2019-06-29 10:42:30 logger.py INFO  in Tactic._load_hold
2019-06-29 10:42:31 logger.py INFO  in Book.get_codes
2019-06-29 10:42:32 logger.py INFO  in Tactic.get_codes
2019-06-29 10:42:33 logger.py INFO  in Tactic.get_codes
2019-06-29 10:42:49 logger.py INFO  in send_email
2019-06-29 10:42:52 logger.py INFO  in place_order
2019-06-29 10:42:58 logger.py INFO  place_order: failed {'ins': 'avoid_idle', 'agent': 'pingan'}
