2018-10-16 06:56:20 logger.py INFO  stare: not trade time, save to file {'ins': 'sell_order', 'portfolio': 'original', 'code': '300408', 'num': 1000, 'cost': 20530.0, 'agent': 'pingan', 'price': 20.53}
2018-10-16 08:56:00 logger.py INFO  stare: not trade time, save to file {'ins': 'sell_order', 'portfolio': 'original', 'code': '300408', 'num': 1000, 'cost': 20530.0, 'agent': 'pingan', 'price': 20.53}
2018-10-16 09:35:35 logger.py INFO  stare send ins: {'ins': 'sell_order', 'portfolio': 'original', 'code': '300408', 'num': 1000, 'cost': 20530.0, 'agent': 'pingan', 'price': 20.53}
2018-10-16 09:35:36 logger.py INFO  portfolio_order: process sell_order
2018-10-16 09:35:43 logger.py INFO  portfolio_order: place_order failed {'ins': 'sell_order', 'portfolio': 'original', 'code': '300408', 'num': 1000, 'cost': 20530.0, 'agent': 'pingan', 'price': 20.53}
2018-10-16 09:49:24 logger.py INFO  stare send ins: {'ins': 'sell_order', 'portfolio': 'original', 'code': '300408', 'num': 1000, 'cost': 20530.0, 'agent': 'pingan', 'price': 20.53}
2018-10-16 09:49:25 logger.py INFO  portfolio_order: process sell_order
2018-10-16 09:49:37 logger.py INFO  portfolio_order: place_order success {'ins': 'sell_order', 'portfolio': 'original', 'code': '300408', 'num': 1000, 'cost': 20530.0, 'agent': 'pingan', 'price': 20.53}
2018-10-16 09:49:38 logger.py INFO  portfolio_order: update_portfolio success {'ins': 'sell_order', 'portfolio': 'original', 'code': '300408', 'num': 1000, 'cost': 20530.0, 'agent': 'pingan', 'price': 20.53}
2018-10-16 11:04:13 logger.py INFO  reach cost 17.33: {'ins': 'sell_order', 'portfolio': '5G', 'code': '300502', 'num': 1200, 'price': 17.33, 'cost': 20796, 'agent': 'pingan'}
2018-10-16 11:04:15 logger.py INFO  stare send ins: {'ins': 'sell_order', 'portfolio': '5G', 'code': '300502', 'num': 1200, 'price': 17.33, 'cost': 20796, 'agent': 'pingan'}
2018-10-16 11:04:16 logger.py INFO  portfolio_order: process sell_order
2018-10-16 11:04:28 logger.py INFO  portfolio_order: place_order success {'ins': 'sell_order', 'portfolio': '5G', 'code': '300502', 'num': 1200, 'price': 17.33, 'cost': 20796, 'agent': 'pingan'}
2018-10-16 11:04:29 logger.py INFO  portfolio_order: update_portfolio success {'ins': 'sell_order', 'portfolio': '5G', 'code': '300502', 'num': 1200, 'price': 17.33, 'cost': 20796, 'agent': 'pingan'}
2018-10-16 12:51:19 logger.py INFO  stare_reach_cost error!
2018-10-17 09:05:13 logger.py INFO  stare_reach_cost error!
2018-10-17 09:13:34 logger.py INFO  stare: not trade time, save to file {'ins': 'buy_order', 'portfolio': 'original', 'code': '300502', 'num': 1000, 'cost': 16960.0, 'agent': 'pingan', 'price': 16.96}
2018-10-17 09:31:31 logger.py INFO  stare send ins: {'ins': 'buy_order', 'portfolio': 'original', 'code': '300502', 'num': 1000, 'cost': 16960.0, 'agent': 'pingan', 'price': 16.96}
2018-10-17 09:31:32 logger.py INFO  portfolio_order: validate buy_order error
2018-10-17 09:57:40 logger.py INFO  reach cost 12.69: {'ins': 'sell_order', 'portfolio': 'gas_oil', 'code': '300540', 'num': 1100, 'price': 12.69, 'cost': 13959, 'agent': 'pingan'}
2018-10-17 09:57:42 logger.py INFO  stare send ins: {'ins': 'sell_order', 'portfolio': 'gas_oil', 'code': '300540', 'num': 1100, 'price': 12.69, 'cost': 13959, 'agent': 'pingan'}
2018-10-17 09:57:43 logger.py INFO  portfolio_order: process sell_order
2018-10-17 09:57:55 logger.py INFO  portfolio_order: place_order success {'ins': 'sell_order', 'portfolio': 'gas_oil', 'code': '300540', 'num': 1100, 'price': 12.69, 'cost': 13959, 'agent': 'pingan'}
2018-10-17 09:57:56 logger.py INFO  portfolio_order: update_portfolio success {'ins': 'sell_order', 'portfolio': 'gas_oil', 'code': '300540', 'num': 1100, 'price': 12.69, 'cost': 13959, 'agent': 'pingan'}
2018-10-17 15:48:53 logger.py INFO  portfolio_order: process query_all
2018-10-17 15:52:05 logger.py INFO  portfolio_order: process query_all
2018-10-17 15:58:43 logger.py INFO  portfolio_order: process query_all
2018-10-17 16:21:02 logger.py INFO  portfolio_order: process query_all
2018-10-17 21:34:49 logger.py INFO  portfolio_order: process open_portfolio
2018-10-17 21:34:50 logger.py INFO  portfolio_order: open_portfolio success {'portfolio': 'grow', 'code': 'cash01', 'cost': 0, 'num': 0, 'agent': 'pingan'}
2018-10-18 09:32:00 logger.py INFO  reach cost 12.19: {'ins': 'sell_order', 'portfolio': 'gas_oil', 'code': '300540', 'num': 1100, 'price': 12.19, 'cost': 13409, 'agent': 'pingan'}
2018-10-18 09:32:02 logger.py INFO  stare send ins: {'ins': 'sell_order', 'portfolio': 'gas_oil', 'code': '300540', 'num': 1100, 'price': 12.19, 'cost': 13409, 'agent': 'pingan'}
2018-10-18 09:32:03 logger.py INFO  portfolio_order: process sell_order
2018-10-18 09:32:15 logger.py INFO  portfolio_order: place_order success {'ins': 'sell_order', 'portfolio': 'gas_oil', 'code': '300540', 'num': 1100, 'price': 12.19, 'cost': 13409, 'agent': 'pingan'}
2018-10-18 09:32:16 logger.py INFO  portfolio_order: update_portfolio success {'ins': 'sell_order', 'portfolio': 'gas_oil', 'code': '300540', 'num': 1100, 'price': 12.19, 'cost': 13409, 'agent': 'pingan'}
2018-10-20 15:38:35 logger.py INFO  portfolio_order: process close_portfolio
2018-10-20 15:38:36 logger.py INFO  portfolio_order: close_portfolio success {'ins': 'close_portfolio', 'portfolio': 'gas_oil', 'agent': 'pingan'}
2018-10-20 15:43:08 logger.py INFO  portfolio_order: process open_portfolio
2018-10-20 15:43:09 logger.py INFO  portfolio_order: open_portfolio success {'portfolio': 'c_bond', 'code': 'cash01', 'cost': 0, 'num': 0, 'agent': 'pingan'}
2018-10-21 19:53:38 logger.py INFO  reach cost 12.19: {'ins': 'sell_order', 'portfolio': 'gas_oil', 'code': '300540', 'num': 1100, 'price': 12.19, 'cost': 13409, 'agent': 'pingan'}
2018-10-21 19:53:39 logger.py INFO  stare: not trade time, save to file {'ins': 'sell_order', 'portfolio': 'gas_oil', 'code': '300540', 'num': 1100, 'price': 12.19, 'cost': 13409, 'agent': 'pingan'}
2018-10-24 06:45:37 logger.py INFO  portfolio_order: process buy_update
2018-10-24 06:46:45 logger.py INFO  portfolio_order: process buy_update
2018-10-24 19:42:12 logger.py INFO  portfolio_order: process buy_update
2018-10-24 19:52:44 logger.py INFO  portfolio_order: process buy_update
2018-10-24 19:52:45 logger.py INFO  portfolio_order: update_portfolio success {'ins': 'buy_update', 'portfolio': 'grow', 'code': '300073', 'num': 900, 'cost': 19495, 'agent': 'pingan'}
2018-10-24 20:02:16 logger.py INFO  portfolio_order: process buy_update
2018-10-24 20:02:17 logger.py INFO  portfolio_order: update_portfolio success {'portfolio': 'grow', 'code': '002273', 'num': 1100, 'cost': 10395, 'agent': 'pingan'}
2018-10-24 20:02:59 logger.py INFO  portfolio_order: process buy_update
2018-10-24 20:03:00 logger.py INFO  portfolio_order: update_portfolio success {'ins': 'buy_update', 'portfolio': 'grow', 'code': '300408', 'num': 500, 'cost': 9740, 'agent': 'pingan'}
2018-10-24 20:03:44 logger.py INFO  portfolio_order: process buy_update
2018-10-24 20:03:45 logger.py INFO  portfolio_order: update_portfolio success {'portfolio': 'grow', 'code': '300036', 'num': 500, 'cost': 10125, 'agent': 'pingan'}
2018-10-24 20:06:04 logger.py INFO  portfolio_order: process buy_update
2018-10-24 20:06:05 logger.py INFO  portfolio_order: update_portfolio success {'portfolio': 'c_bond', 'code': '128020', 'num': 180, 'cost': 16789, 'agent': 'pingan'}
2018-10-25 06:54:37 logger.py INFO  stare_reach_cost error!
2018-10-25 06:54:41 logger.py INFO  stare_reach_cost error!
2018-10-25 09:56:06 logger.py INFO  stare_reach_cost error!
2018-10-26 06:45:25 logger.py INFO  stare_reach_cost error!
2018-10-26 14:39:43 logger.py INFO  stare_reach_cost error!
2018-10-26 16:20:17 logger.py INFO  stare_reach_cost error!
2018-10-27 19:56:39 logger.py INFO  portfolio_order: process query_all
2018-10-27 20:01:36 logger.py INFO  portfolio_order: process buy_update
2018-10-27 20:01:37 logger.py INFO  portfolio_order: update_portfolio success {'portfolio': 'grow', 'code': '300058', 'num': 5000, 'cost': 21050, 'agent': 'pingan'}
2018-10-27 20:02:37 logger.py INFO  portfolio_order: process buy_update
2018-10-27 20:02:38 logger.py INFO  portfolio_order: update_portfolio success {'ins': 'buy_update', 'portfolio': 'c_bond', 'code': '128020', 'num': 20, 'cost': 1853, 'agent': 'pingan'}
2018-10-28 09:09:11 logger.py INFO  stare_reach_cost error!
2018-10-28 09:09:15 logger.py INFO  stare_reach_cost error!
2018-10-28 13:28:48 logger.py INFO  stare_reach_cost error!
2018-10-28 13:29:36 logger.py INFO  stare_reach_cost error!
2018-10-28 13:30:23 logger.py INFO  stare_reach_cost error!
2018-10-28 13:30:41 logger.py INFO  stare_reach_cost error!
2018-10-28 13:30:59 logger.py INFO  stare_reach_cost error!
2018-10-28 18:33:37 logger.py INFO  stare_reach_cost error!
2018-10-28 20:28:44 logger.py INFO  stare: not trade time, save to file {'ins': 'buy_order', 'portfolio': 'advance', 'code': '123007', 'num': 230, 'cost': 20161.8, 'agent': 'gtja', 'price': 87.66}
2018-10-28 20:56:32 logger.py INFO  stare_reach_cost error!
2018-10-28 20:56:46 logger.py INFO  stare_reach_cost error!
2018-10-29 07:52:27 logger.py INFO  stare_reach_cost error!
2018-10-29 09:31:12 logger.py INFO  stare send ins: {'ins': 'buy_order', 'portfolio': 'advance', 'code': '123007', 'num': 230, 'cost': 20161.8, 'agent': 'gtja', 'price': 87.66}
2018-10-29 09:31:13 logger.py INFO  portfolio_order: validate buy_order error
2018-10-29 11:00:14 logger.py INFO  stare_reach_cost error!
2018-10-29 13:14:48 logger.py INFO  reach cost 4.23: {'ins': 'sell_order', 'portfolio': 'grow', 'code': '300058', 'num': 5000, 'price': 4.23, 'cost': 21150, 'agent': 'pingan'}
2018-10-29 13:14:50 logger.py INFO  stare send ins: {'ins': 'sell_order', 'portfolio': 'grow', 'code': '300058', 'num': 5000, 'price': 4.23, 'cost': 21150, 'agent': 'pingan'}
2018-10-29 13:14:51 logger.py INFO  portfolio_order: process sell_order
2018-10-29 13:15:03 logger.py INFO  portfolio_order: place_order success {'ins': 'sell_order', 'portfolio': 'grow', 'code': '300058', 'num': 5000, 'price': 4.23, 'cost': 21150, 'agent': 'pingan'}
2018-10-29 13:15:04 logger.py INFO  portfolio_order: update_portfolio success {'ins': 'sell_order', 'portfolio': 'grow', 'code': '300058', 'num': 5000, 'price': 4.23, 'cost': 21150, 'agent': 'pingan'}
2018-10-29 13:27:31 logger.py INFO  stare_reach_cost error!
2018-10-30 06:36:24 logger.py INFO  stare_reach_cost error!
2018-10-30 06:36:27 logger.py INFO  stare_reach_cost error!
2018-10-30 09:49:04 logger.py INFO  reach cost 9.41: {'ins': 'sell_order', 'portfolio': 'grow', 'code': '002273', 'num': 1100, 'price': 9.41, 'cost': 10351, 'agent': 'cf'}
2018-10-30 09:49:06 logger.py INFO  stare send ins: {'ins': 'sell_order', 'portfolio': 'grow', 'code': '002273', 'num': 1100, 'price': 9.41, 'cost': 10351, 'agent': 'cf'}
2018-10-30 09:49:07 logger.py INFO  portfolio_order: process sell_order
2018-10-30 09:49:19 logger.py INFO  portfolio_order: place_order success {'ins': 'sell_order', 'portfolio': 'grow', 'code': '002273', 'num': 1100, 'price': 9.41, 'cost': 10351, 'agent': 'cf'}
2018-10-30 09:49:20 logger.py INFO  portfolio_order: update_portfolio success {'ins': 'sell_order', 'portfolio': 'grow', 'code': '002273', 'num': 1100, 'price': 9.41, 'cost': 10351, 'agent': 'cf'}
2018-10-30 13:13:34 logger.py INFO  stare_reach_cost error!
2018-10-30 13:14:03 logger.py INFO  stare_reach_cost error!
2018-10-30 19:24:33 logger.py INFO  stare_reach_cost error!
2018-10-31 07:11:35 logger.py INFO  stare_reach_cost error!
2018-10-31 11:10:19 logger.py INFO  stare_reach_cost error!
2018-10-31 11:24:38 logger.py INFO  stare_reach_cost error!
2018-11-01 06:42:47 logger.py INFO  stare_reach_cost error!
2018-11-02 06:40:39 logger.py INFO  stare_reach_cost error!
2018-11-02 12:46:53 logger.py INFO  stare_reach_cost error!
2018-11-02 17:05:29 logger.py INFO  stare_reach_cost error!
2018-11-03 08:13:26 logger.py INFO  stare_reach_cost error!
2018-11-03 08:13:29 logger.py INFO  stare_reach_cost error!
2018-11-04 17:19:29 logger.py INFO  stare_reach error!
2018-11-04 18:30:16 logger.py INFO  stare_reach error!
2018-11-04 20:58:05 logger.py INFO  stare_reach error!
2018-11-05 09:16:58 logger.py INFO  stare_reach error!
2018-11-06 09:25:02 logger.py INFO  reach cost 93.8: {'ins': 'sell_order', 'portfolio': 'c_bond', 'code': '128020', 'num': 200, 'price': 93.8, 'cost': 18760, 'agent': 'pingan'}
2018-11-06 09:25:03 logger.py INFO  stare: not trade time, save to file {'ins': 'sell_order', 'portfolio': 'c_bond', 'code': '128020', 'num': 200, 'price': 93.8, 'cost': 18760, 'agent': 'pingan'}
2018-11-06 09:31:05 logger.py INFO  stare send ins: {'ins': 'sell_order', 'portfolio': 'c_bond', 'code': '128020', 'num': 200, 'price': 93.8, 'cost': 18760, 'agent': 'pingan'}
2018-11-06 09:31:06 logger.py INFO  portfolio_order: process sell_order
2018-11-06 09:31:18 logger.py INFO  portfolio_order: place_order success {'ins': 'sell_order', 'portfolio': 'c_bond', 'code': '128020', 'num': 200, 'price': 93.8, 'cost': 18760, 'agent': 'pingan'}
2018-11-06 09:31:19 logger.py INFO  portfolio_order: update_portfolio success {'ins': 'sell_order', 'portfolio': 'c_bond', 'code': '128020', 'num': 200, 'price': 93.8, 'cost': 18760, 'agent': 'pingan'}
2018-11-07 06:13:49 logger.py INFO  stare_reach error!
2018-11-07 15:33:26 logger.py INFO  stare_reach error!
2018-11-07 15:33:40 logger.py INFO  stare_reach error!
2018-11-07 20:15:14 logger.py INFO  stare_reach error!
2018-11-08 04:17:39 logger.py INFO  stare_reach error!
2018-11-08 04:17:43 logger.py INFO  stare_reach error!
2018-11-08 04:17:47 logger.py INFO  stare_reach error!
2018-11-08 04:17:51 logger.py INFO  stare_reach error!
2018-11-08 04:17:55 logger.py INFO  stare_reach error!
2018-11-08 04:17:59 logger.py INFO  stare_reach error!
2018-11-08 04:18:03 logger.py INFO  stare_reach error!
2018-11-08 04:18:07 logger.py INFO  stare_reach error!
2018-11-08 04:18:11 logger.py INFO  stare_reach error!
2018-11-08 04:18:15 logger.py INFO  stare_reach error!
2018-11-08 04:18:19 logger.py INFO  stare_reach error!
2018-11-08 04:18:23 logger.py INFO  stare_reach error!
2018-11-08 04:18:27 logger.py INFO  stare_reach error!
2018-11-08 04:18:31 logger.py INFO  stare_reach error!
2018-11-08 04:18:35 logger.py INFO  stare_reach error!
2018-11-08 04:18:39 logger.py INFO  stare_reach error!
2018-11-08 04:18:43 logger.py INFO  stare_reach error!
2018-11-08 04:18:47 logger.py INFO  stare_reach error!
2018-11-08 04:18:51 logger.py INFO  stare_reach error!
2018-11-08 04:18:55 logger.py INFO  stare_reach error!
2018-11-08 04:18:59 logger.py INFO  stare_reach error!
2018-11-08 04:19:03 logger.py INFO  stare_reach error!
2018-11-08 04:19:07 logger.py INFO  stare_reach error!
2018-11-08 04:19:11 logger.py INFO  stare_reach error!
2018-11-08 04:19:15 logger.py INFO  stare_reach error!
2018-11-08 04:19:19 logger.py INFO  stare_reach error!
2018-11-08 04:19:23 logger.py INFO  stare_reach error!
2018-11-08 04:19:27 logger.py INFO  stare_reach error!
2018-11-08 04:19:31 logger.py INFO  stare_reach error!
2018-11-08 04:19:35 logger.py INFO  stare_reach error!
2018-11-08 04:19:39 logger.py INFO  stare_reach error!
2018-11-08 04:19:43 logger.py INFO  stare_reach error!
2018-11-08 04:19:47 logger.py INFO  stare_reach error!
2018-11-08 04:19:51 logger.py INFO  stare_reach error!
2018-11-08 04:19:55 logger.py INFO  stare_reach error!
2018-11-08 04:20:01 logger.py INFO  stare_reach error!
2018-11-08 04:20:06 logger.py INFO  stare_reach error!
2018-11-08 04:20:10 logger.py INFO  stare_reach error!
2018-11-08 04:20:19 logger.py INFO  stare_reach error!
2018-11-08 04:20:26 logger.py INFO  stare_reach error!
2018-11-08 04:20:32 logger.py INFO  stare_reach error!
2018-11-08 04:20:38 logger.py INFO  stare_reach error!
2018-11-08 04:20:44 logger.py INFO  stare_reach error!
2018-11-08 04:20:51 logger.py INFO  stare_reach error!
2018-11-08 14:54:25 logger.py INFO  stare_reach error!
2018-11-08 19:38:58 logger.py INFO  stare_reach error!
2018-11-08 19:39:02 logger.py INFO  stare_reach error!
2018-11-08 19:39:06 logger.py INFO  stare_reach error!
2018-11-08 19:39:10 logger.py INFO  stare_reach error!
2018-11-08 19:39:14 logger.py INFO  stare_reach error!
2018-11-08 19:39:18 logger.py INFO  stare_reach error!
2018-11-08 19:39:23 logger.py INFO  stare_reach error!
2018-11-08 19:39:27 logger.py INFO  stare_reach error!
2018-11-08 19:39:31 logger.py INFO  stare_reach error!
2018-11-08 19:39:35 logger.py INFO  stare_reach error!
2018-11-08 19:39:39 logger.py INFO  stare_reach error!
2018-11-08 19:39:43 logger.py INFO  stare_reach error!
2018-11-08 19:39:47 logger.py INFO  stare_reach error!
2018-11-08 19:39:51 logger.py INFO  stare_reach error!
2018-11-08 19:39:55 logger.py INFO  stare_reach error!
2018-11-08 19:39:59 logger.py INFO  stare_reach error!
2018-11-08 19:40:03 logger.py INFO  stare_reach error!
2018-11-08 19:40:12 logger.py INFO  stare_reach error!
2018-11-08 19:40:19 logger.py INFO  stare_reach error!
2018-11-08 19:40:25 logger.py INFO  stare_reach error!
2018-11-08 19:40:31 logger.py INFO  stare_reach error!
2018-11-08 19:40:37 logger.py INFO  stare_reach error!
2018-11-08 19:40:44 logger.py INFO  stare_reach error!
2018-11-08 19:40:50 logger.py INFO  stare_reach error!
2018-11-08 19:40:56 logger.py INFO  stare_reach error!
2018-11-09 07:16:37 logger.py INFO  stare_reach error!
2018-11-09 15:40:41 logger.py INFO  stare_reach error!
2018-11-10 07:51:34 logger.py INFO  stare_reach error!
2018-11-10 20:44:38 logger.py INFO  stare_reach error!
2018-11-12 19:51:17 logger.py INFO  stare: not trade time, save to file {'ins': 'sell_order', 'portfolio': 'original', 'code': '002341', 'num': 3100, 'cost': 42160.0, 'agent': 'pingan', 'price': 13.6}
2018-11-13 06:54:31 logger.py INFO  stare_reach error!
2018-11-13 06:54:35 logger.py INFO  stare_reach error!
2018-11-13 09:31:32 logger.py INFO  stare send ins: {'ins': 'sell_order', 'portfolio': 'original', 'code': '002341', 'num': 3100, 'cost': 42160.0, 'agent': 'pingan', 'price': 13.6}
2018-11-13 09:31:33 logger.py INFO  portfolio_order: process sell_order
2018-11-13 09:31:45 logger.py INFO  portfolio_order: place_order success {'ins': 'sell_order', 'portfolio': 'original', 'code': '002341', 'num': 3100, 'cost': 42160.0, 'agent': 'pingan', 'price': 13.6}
2018-11-13 09:31:46 logger.py INFO  portfolio_order: update_portfolio success {'ins': 'sell_order', 'portfolio': 'original', 'code': '002341', 'num': 3100, 'cost': 42160.0, 'agent': 'pingan', 'price': 13.6}
2018-11-14 06:45:55 logger.py INFO  stare_reach error!
2018-11-14 06:45:59 logger.py INFO  stare_reach error!
2018-11-14 09:22:47 logger.py INFO  stare_reach error!
2018-11-15 06:36:26 logger.py INFO  stare_reach error!
2018-11-15 06:36:30 logger.py INFO  stare_reach error!
2018-11-15 20:57:24 logger.py INFO  stare_reach error!
2018-11-15 21:00:31 logger.py INFO  stare_reach error!
2018-11-15 21:00:49 logger.py INFO  stare_reach error!
2018-11-15 21:01:07 logger.py INFO  stare_reach error!
2018-11-15 21:01:58 logger.py INFO  stare_reach error!
2018-11-16 06:38:11 logger.py INFO  stare_reach error!
2018-11-16 06:38:15 logger.py INFO  stare_reach error!
2018-11-16 07:11:09 logger.py INFO  stare_reach error!
2018-11-16 09:34:46 logger.py INFO  stare_reach error!
2018-11-16 13:36:14 logger.py INFO  stare_reach error!
2018-11-17 08:11:55 logger.py INFO  stare_reach error!
2018-11-17 08:11:59 logger.py INFO  stare_reach error!
2018-11-19 09:43:09 logger.py INFO  reach price 7.29: {'ins': 'attention', 'code': '002632', 'num': 2800, 'price': 7.29, 'name': '道明光学'}
2018-11-19 20:57:35 logger.py INFO  stare_reach error!
2018-11-20 06:50:04 logger.py INFO  stare_reach error!
2018-11-20 06:50:08 logger.py INFO  stare_reach error!
2018-11-21 06:47:31 logger.py INFO  stare_reach error!
2018-11-21 06:47:35 logger.py INFO  stare_reach error!
2018-11-21 09:40:07 logger.py INFO  reach price 5.1: {'ins': 'attention', 'code': '600698', 'num': 1900, 'price': 5.1, 'name': '湖南天雁'}
2018-11-21 19:45:41 logger.py INFO  reach price 4.96: {'ins': 'attention', 'code': '002570', 'num': 4100, 'price': 4.96, 'name': '贝因美'}
2018-11-22 06:54:20 logger.py INFO  stare_reach error!
2018-11-22 08:59:56 logger.py INFO  reach price 4.96: {'ins': 'down_warn', 'code': '002570', 'num': 4100, 'price': 4.96, 'name': '贝因美'}
2018-11-22 11:34:44 logger.py INFO  stare_reach error!
2018-11-23 13:53:58 logger.py INFO  reach price 4.96: {'ins': 'down_warn', 'code': '002570', 'num': 4100, 'price': 4.96, 'name': '贝因美'}
2018-11-24 13:49:43 logger.py INFO  stare_reach error!
2018-11-26 11:47:35 logger.py INFO  stare_reach error!
2018-11-26 14:57:04 logger.py INFO  reach price 4.96: {'ins': 'down_warn', 'code': '002570', 'num': 4100, 'price': 4.96, 'name': '贝因美'}
2018-11-27 14:57:01 logger.py INFO  reach price 4.96: {'ins': 'down_warn', 'code': '002570', 'num': 4100, 'price': 4.96, 'name': '贝因美'}
2018-11-28 10:28:46 logger.py INFO  stare_reach error!
2018-11-28 13:15:55 logger.py INFO  reach price 13.5: {'ins': 'up_warn', 'code': '002341', 'num': 3100, 'price': 13.5, 'name': '新纶科技'}
2018-11-29 10:39:09 logger.py INFO  stare_reach error!
2018-11-29 14:56:56 logger.py INFO  reach price 4.96: {'ins': 'down_warn', 'code': '002570', 'num': 4100, 'price': 4.96, 'name': '贝因美'}
2018-11-30 11:13:23 logger.py INFO  stare_reach error!
2018-12-01 12:07:46 logger.py INFO  stare_reach error!
2018-12-03 09:31:03 logger.py INFO  reach price 93.3: {'ins': 'up_warn', 'code': '128020', 'num': 200, 'price': 93.3, 'name': '水晶转债'}
2018-12-03 09:31:08 logger.py INFO  reach price 13.5: {'ins': 'up_warn', 'code': '002341', 'num': 3100, 'price': 13.5, 'name': '新纶科技'}
2018-12-03 11:11:17 logger.py INFO  stare_reach error!
2018-12-03 14:57:05 logger.py INFO  reach price 4.96: {'ins': 'down_warn', 'code': '002570', 'num': 4100, 'price': 4.96, 'name': '贝因美'}
2018-12-04 09:46:53 logger.py INFO  reach price 13.5: {'ins': 'up_warn', 'code': '002341', 'num': 3100, 'price': 13.5, 'name': '新纶科技'}
2018-12-04 11:23:30 logger.py INFO  reach price 4.96: {'ins': 'down_warn', 'code': '002570', 'num': 4100, 'price': 4.96, 'name': '贝因美'}
2018-12-05 09:31:03 logger.py INFO  reach price 17.69: {'ins': 'down_warn', 'code': '300408', 'num': 1100, 'price': 17.69, 'name': '三环集团'}
2018-12-05 14:01:07 logger.py INFO  reach cost 20.45: {'ins': 'sell_order', 'portfolio': 'grow', 'code': '002920', 'num': 1000, 'price': 20.45, 'cost': 20450, 'agent': 'pingan'}
2018-12-05 14:01:09 logger.py INFO  stare send ins: {'ins': 'sell_order', 'portfolio': 'grow', 'code': '002920', 'num': 1000, 'price': 20.45, 'cost': 20450, 'agent': 'pingan'}
2018-12-05 14:01:10 logger.py INFO  portfolio_order: process sell_order
2018-12-05 14:01:22 logger.py INFO  portfolio_order: place_order success {'ins': 'sell_order', 'portfolio': 'grow', 'code': '002920', 'num': 1000, 'price': 20.45, 'cost': 20450, 'agent': 'pingan'}
2018-12-05 14:57:00 logger.py INFO  reach price 4.96: {'ins': 'down_warn', 'code': '002570', 'num': 4100, 'price': 4.96, 'name': '贝因美'}
2018-12-06 10:21:34 logger.py INFO  stare_reach error!
2018-12-06 10:32:13 logger.py INFO  reach cost 17.18: {'ins': 'sell_order', 'portfolio': 'grow', 'code': '300502', 'num': 1200, 'price': 17.18, 'cost': 20616, 'agent': 'pingan'}
2018-12-06 10:32:15 logger.py INFO  stare send ins: {'ins': 'sell_order', 'portfolio': 'grow', 'code': '300502', 'num': 1200, 'price': 17.18, 'cost': 20616, 'agent': 'pingan'}
2018-12-06 10:32:16 logger.py INFO  portfolio_order: process sell_order
2018-12-06 10:32:28 logger.py INFO  portfolio_order: place_order success {'ins': 'sell_order', 'portfolio': 'grow', 'code': '300502', 'num': 1200, 'price': 17.18, 'cost': 20616, 'agent': 'pingan'}
2018-12-06 10:56:54 logger.py INFO  reach price 4.96: {'ins': 'down_warn', 'code': '002570', 'num': 4100, 'price': 4.96, 'name': '贝因美'}
2018-12-07 14:56:55 logger.py INFO  reach price 4.96: {'ins': 'down_warn', 'code': '002570', 'num': 4100, 'price': 4.96, 'name': '贝因美'}
2018-12-10 14:56:48 logger.py INFO  reach price 4.96: {'ins': 'down_warn', 'code': '002570', 'num': 4100, 'price': 4.96, 'name': '贝因美'}
2018-12-11 13:00:10 logger.py INFO  stare_reach error!
2018-12-17 09:37:03 logger.py INFO  reach price 4.96: {'ins': 'down_warn', 'code': '002570', 'num': 4100, 'price': 4.96, 'name': '贝因美'}
2019-01-02 12:54:58 logger.py INFO  stare_reach error!
2019-01-03 10:07:51 logger.py INFO  reach cost 18.39: {'ins': 'sell_order', 'portfolio': '5G', 'code': '300502', 'num': 800, 'price': 18.39, 'cost': 14712, 'agent': 'pingan'}
2019-01-03 10:07:53 logger.py INFO  stare send ins: {'ins': 'sell_order', 'portfolio': '5G', 'code': '300502', 'num': 800, 'price': 18.39, 'cost': 14712, 'agent': 'pingan'}
2019-01-03 10:08:05 logger.py INFO  place_order: success {'ins': 'sell_order', 'portfolio': '5G', 'code': '300502', 'num': 800, 'price': 18.39, 'cost': 14712, 'agent': 'pingan'}
2019-01-07 10:53:03 logger.py INFO  stare_reach error!
2019-01-07 10:53:21 logger.py INFO  stare_reach error!
2019-01-07 10:53:39 logger.py INFO  stare_reach error!
2019-01-07 11:47:38 logger.py INFO  stare_reach error!
2019-01-08 10:19:23 logger.py INFO  stare_reach error!
2019-01-11 12:22:22 logger.py INFO  stare_reach error!
2019-01-15 12:17:43 logger.py INFO  stare_reach error!
2019-01-19 09:34:33 logger.py INFO  stare_reach error!
2019-01-19 09:34:37 logger.py INFO  stare_reach error!
2019-01-20 10:56:43 logger.py INFO  stare_reach error!
2019-01-20 10:56:47 logger.py INFO  stare_reach error!
2019-01-20 13:20:49 logger.py INFO  stare_reach error!
